<?xml version="1.0" encoding="UTF-8"?>
<!-- Generated by org.testng.reporters.JUnitReportReporter -->
<testsuite skipped="0" hostname="DESKTOP-A3NO6EJ" name="math.NewTestNG" tests="4" failures="0" timestamp="2021-10-05T10:21:07 ICT" time="0.009" errors="0">
  <testcase name="testSub" time="0.002" classname="math.NewTestNG"/>
  <system-out/>
  <testcase name="testDiv" time="0.004" classname="math.NewTestNG"/>
  <system-out/>
  <testcase name="testMul" time="0.002" classname="math.NewTestNG"/>
  <system-out/>
  <testcase name="testAdd" time="0.001" classname="math.NewTestNG"/>
  <system-out/>
</testsuite> <!-- math.NewTestNG -->
