<?xml version="1.0" encoding="UTF-8"?>
<!-- Generated by org.testng.reporters.JUnitReportReporter -->
<testsuite skipped="0" hostname="DESKTOP-A3NO6EJ" name="math.NewTestNG1" tests="2" failures="0" timestamp="2021-10-05T10:21:07 ICT" time="0.032" errors="0">
  <testcase name="testAdd" time="0.030" classname="math.NewTestNG1"/>
  <system-out/>
  <testcase name="testSub" time="0.002" classname="math.NewTestNG1"/>
  <system-out/>
</testsuite> <!-- math.NewTestNG1 -->
