<?xml version="1.0" encoding="UTF-8"?>
<!-- Generated by org.testng.reporters.JUnitReportReporter -->
<testsuite skipped="0" hostname="DESKTOP-A3NO6EJ" name="math.NewTest" tests="4" failures="0" timestamp="2021-10-05T08:59:02 ICT" time="0.102" errors="0">
  <testcase name="testMul" time="0.022" classname="math.NewTest"/>
  <system-out/>
  <testcase name="testSub" time="0.023" classname="math.NewTest"/>
  <system-out/>
  <testcase name="testDiv" time="0.010" classname="math.NewTest"/>
  <system-out/>
  <testcase name="testAdd" time="0.047" classname="math.NewTest"/>
  <system-out/>
</testsuite> <!-- math.NewTest -->
