<?xml version="1.0" encoding="UTF-8"?>
<!-- Generated by org.testng.reporters.JUnitReportReporter -->
<testsuite skipped="0" hostname="DESKTOP-A3NO6EJ" name="math.TestFaceBookLogin" tests="1" failures="0" timestamp="2021-10-15T08:58:17 ICT" time="8.202" errors="0">
  <testcase name="testFBLogin" time="8.202" classname="math.TestFaceBookLogin"/>
  <system-out/>
</testsuite> <!-- math.TestFaceBookLogin -->
