<?xml version="1.0" encoding="UTF-8"?>
<!-- Generated by org.testng.reporters.JUnitReportReporter -->
<testsuite skipped="0" hostname="DESKTOP-A3NO6EJ" name="math.TestQLDT" tests="1" failures="0" timestamp="2021-10-05T11:45:04 ICT" time="3.010" errors="0">
  <testcase name="login" time="3.010" classname="math.TestQLDT"/>
  <system-out/>
</testsuite> <!-- math.TestQLDT -->
