<?xml version="1.0" encoding="UTF-8"?>
<!-- Generated by org.testng.reporters.JUnitReportReporter -->
<testsuite skipped="0" hostname="DESKTOP-A3NO6EJ" name="math.W3School" tests="3" failures="0" timestamp="2021-10-05T11:22:10 ICT" time="23.632" errors="0">
  <testcase name="login" time="6.084" classname="math.W3School"/>
  <system-out/>
  <testcase name="singUp" time="9.061" classname="math.W3School"/>
  <system-out/>
  <testcase name="fotgotPass" time="8.487" classname="math.W3School"/>
  <system-out/>
</testsuite> <!-- math.W3School -->
