<?xml version="1.0" encoding="UTF-8"?>
<!-- Generated by org.testng.reporters.JUnitReportReporter -->
<testsuite skipped="0" hostname="DESKTOP-A3NO6EJ" name="math.HomePage_W3School" tests="1" failures="0" timestamp="2021-10-05T11:14:21 ICT" time="7.479" errors="0">
  <testcase name="TestHomePage" time="7.479" classname="math.HomePage_W3School"/>
  <system-out/>
</testsuite> <!-- math.HomePage_W3School -->
