<?xml version="1.0" encoding="UTF-8"?>
<!-- Generated by org.testng.reporters.JUnitReportReporter -->
<testsuite skipped="1" hostname="DESKTOP-A3NO6EJ" name="math.FirstTestNG" tests="4" failures="0" timestamp="2021-10-02T00:25:02 ICT" time="12.075" errors="0">
  <testcase name="testText" time="12.068" classname="math.FirstTestNG"/>
  <system-out/>
  <testcase name="testDevide" time="0.006" classname="math.FirstTestNG"/>
  <system-out/>
  <testcase name="testAdd" time="0.001" classname="math.FirstTestNG"/>
  <system-out/>
  <testcase name="testSub" classname="math.FirstTestNG">
    <skipped/>
  </testcase> <!-- testSub -->
  <system-out/>
</testsuite> <!-- math.FirstTestNG -->
