<?xml version="1.0" encoding="UTF-8"?>
<!-- Generated by org.testng.reporters.JUnitReportReporter -->
<testsuite skipped="0" hostname="DESKTOP-A3NO6EJ" name="Fit.W3School" tests="4" failures="0" timestamp="2021-10-12T10:17:18 ICT" time="18.705" errors="0">
  <testcase name="TestLogin" time="2.706" classname="Fit.W3School"/>
  <system-out/>
  <testcase name="TestLogin" time="4.929" classname="Fit.W3School"/>
  <system-out/>
  <testcase name="TestLogin" time="6.361" classname="Fit.W3School"/>
  <system-out/>
  <testcase name="TestLogin" time="4.709" classname="Fit.W3School"/>
  <system-out/>
</testsuite> <!-- Fit.W3School -->
