<?xml version="1.0" encoding="UTF-8"?>
<!-- Generated by org.testng.reporters.JUnitReportReporter -->
<testsuite skipped="0" hostname="DESKTOP-A3NO6EJ" name="EX4.Demo" tests="4" failures="0" timestamp="2021-10-12T12:11:47 ICT" time="41.131" errors="0">
  <testcase name="TestLogin" time="12.840" classname="EX4.Demo"/>
  <system-out/>
  <testcase name="TestLogin" time="10.420" classname="EX4.Demo"/>
  <system-out/>
  <testcase name="TestLogin" time="11.797" classname="EX4.Demo"/>
  <system-out/>
  <testcase name="TestLogin" time="6.074" classname="EX4.Demo"/>
  <system-out/>
</testsuite> <!-- EX4.Demo -->
