<?xml version="1.0" encoding="UTF-8"?>
<!-- Generated by org.testng.reporters.JUnitReportReporter -->
<testsuite skipped="0" hostname="DESKTOP-A3NO6EJ" name="Fit.Login" tests="3" failures="0" timestamp="2021-10-11T08:58:10 ICT" time="7.106" errors="0">
  <testcase name="Login" time="1.265" classname="Fit.Login"/>
  <system-out/>
  <testcase name="Login" time="1.685" classname="Fit.Login"/>
  <system-out/>
  <testcase name="Login" time="4.156" classname="Fit.Login"/>
  <system-out/>
</testsuite> <!-- Fit.Login -->
